<?xml version="1.0" encoding="UTF-8"?>
<!-- Generated by org.testng.reporters.JUnitReportReporter -->
<testsuite skipped="0" hostname="LAPTOP-64PRVEFL" name="com.qa.busTicketBooking.test.SelectBusAndSeatsPageTest" tests="2" failures="0" timestamp="11 Jan 2021 18:31:14 GMT" time="20.537" errors="0">
  <testcase name="selectbas" time="7.490" classname="com.qa.busTicketBooking.test.SelectBusAndSeatsPageTest"/>
  <testcase name="selectbas" time="13.047" classname="com.qa.busTicketBooking.test.SelectBusAndSeatsPageTest"/>
</testsuite> <!-- com.qa.busTicketBooking.test.SelectBusAndSeatsPageTest -->
