<?xml version="1.0" encoding="UTF-8"?>
<!-- Generated by org.testng.reporters.JUnitReportReporter -->
<testsuite skipped="0" hostname="LAPTOP-64PRVEFL" name="com.qa.busTicketBooking.test.ReviewAndDetailsTest" tests="2" failures="0" timestamp="14 Jan 2021 18:24:10 GMT" time="28.629" errors="0">
  <testcase name="verfiyEnterDetails" time="14.687" classname="com.qa.busTicketBooking.test.ReviewAndDetailsTest"/>
  <testcase name="verfiyEnterDetails" time="13.942" classname="com.qa.busTicketBooking.test.ReviewAndDetailsTest"/>
</testsuite> <!-- com.qa.busTicketBooking.test.ReviewAndDetailsTest -->
